Iteration	Posterior	Likelihood	Prior	rate_log_sd	rate_neo	tree_length
0	-261.0233	-376.8182	115.7949	1.195579	4.416547	0.4658157
6	-272.4846	-388.2526	115.768	1.211114	4.416547	0.5877193
12	-271.9103	-386.3945	114.4841	1.211114	8.679738	1.007197
18	-265.9175	-381.0217	115.1041	0.5391989	5.955988	1.520131
24	-264.1753	-380.3937	116.2184	0.5763703	4.084836	0.9975734
30	-262.3205	-377.868	115.5475	0.9736419	4.962001	1.003535
36	-263.7825	-379.2937	115.5112	0.9954777	4.870489	1.043148
42	-273.4677	-386.8151	113.3473	1.669623	15.93954	0.5741148
48	-264.5952	-380.3929	115.7977	1.342575	3.932162	0.574986
54	-272.5166	-387.6811	115.1645	1.643152	5.032488	0.5468538
60	-269.7166	-384.8752	115.1586	1.643152	4.845269	0.342842
66	-269.2628	-384.4245	115.1617	1.420702	5.911353	0.508117
72	-267.223	-383.7311	116.5082	1.7002	1.649387	0.5883503
78	-272.8059	-389.1075	116.3016	1.544056	2.252344	0.5883503
84	-267.1057	-383.2618	116.1561	0.8701996	3.325135	1.038188
90	-281.4981	-398.0689	116.5709	0.9556229	2.369284	0.9644728
96	-279.1264	-394.3285	115.202	1.047942	4.232534	1.42375
102	-272.8615	-389.8474	116.9859	1.318985	0.3453962	1.8358
108	-264.3212	-379.8675	115.5462	0.7976726	3.918952	1.431516
114	-271.6097	-387.9318	116.3221	0.4252631	3.800209	1.133754
120	-264.0861	-380.1487	116.0626	0.5822948	2.973829	1.477016
126	-260.8397	-376.7461	115.9064	0.6481974	3.385418	1.418363
132	-269.1861	-384.4786	115.2924	1.05865	2.125664	1.976024
138	-278.7782	-395.0999	116.3217	1.05865	1.938877	1.309952
144	-267.8933	-384.2321	116.3388	1.325716	1.071596	1.587561
150	-257.6129	-372.75	115.1371	1.325716	6.012835	0.7508328
156	-260.815	-378.5138	117.6988	1.807401	0.256479	1.068085
162	-244.8724	-362.3211	117.4487	2.401409	0.2645323	0.4245956
168	-255.0875	-372.2182	117.1307	2.401409	0.3896113	0.6818841
174	-257.2834	-374.7613	117.478	2.086151	0.3896113	0.4034
180	-255.777	-372.9752	117.1982	1.600529	0.9549627	0.4760613
186	-247.121	-363.3088	116.1877	1.544516	2.496726	0.4675829
192	-253.7519	-369.4464	115.6945	1.544516	3.674663	0.4700362
198	-268.1833	-382.0792	113.8959	1.995834	9.313542	0.4378843
204	-259.0869	-373.0321	113.9453	1.995834	8.169152	0.2671273
210	-267.763	-383.2449	115.4819	1.907669	3.206248	0.6320732
216	-273.7794	-390.5088	116.7294	1.559746	1.251356	0.9245808
222	-280.6165	-396.3098	115.6933	1.373718	1.251356	1.894279
228	-277.929	-394.2273	116.2984	1.555035	2.249948	0.5640401
234	-267.4158	-382.163	114.7471	1.555035	6.990663	0.379676
240	-274.9691	-392.1335	117.1644	1.734423	0.8413771	0.3978816
246	-290.8064	-406.8761	116.0697	1.808028	1.995131	0.7946246
252	-279.2331	-396.827	117.5939	1.808028	0.4387569	0.7448865
258	-278.5168	-395.3896	116.8728	2.179816	0.7172848	0.4068207
264	-272.6018	-389.459	116.8573	2.502198	0.3672444	0.2161638
270	-258.9626	-374.7443	115.7816	2.484713	1.08165	0.1726989
276	-261.8449	-375.8096	113.9647	2.112849	5.050333	0.1106976
282	-261.6186	-377.2894	115.6708	2.21799	1.888883	0.2574281
288	-260.3487	-376.7722	116.4235	2.21799	1.07166	0.3676732
294	-269.4144	-383.556	114.1416	2.21799	6.835116	0.4307081
300	-261.0888	-376.4141	115.3253	1.719766	4.236636	0.4532985
306	-260.0761	-377.2967	117.2205	1.719766	0.8069524	0.6136697
312	-269.3686	-383.8084	114.4398	1.73375	7.78428	0.4689596
318	-268.6423	-383.0136	114.3713	1.417139	9.269406	0.7852649
324	-269.5017	-385.8125	116.3109	0.8416291	3.194208	0.9641289
330	-274.5068	-389.1552	114.6484	0.435793	8.055149	1.601877
336	-270.468	-384.1401	113.6721	0.4056875	10.05208	2.059089
342	-266.6933	-381.1057	114.4124	1.192372	8.624856	1.102501
348	-259.3633	-375.9968	116.6335	1.198752	2.166488	0.7177294
354	-258.5493	-375.5237	116.9744	0.8696558	1.340167	1.268895
360	-265.7517	-381.1491	115.3974	0.5915516	4.715669	1.509112
366	-260.3162	-375.0856	114.7694	0.5924376	7.048058	1.545701
372	-261.298	-375.2655	113.9675	0.4396571	7.048058	2.199402
378	-257.2911	-372.529	115.238	0.3540629	7.048058	1.370456
384	-256.7113	-371.4277	114.7164	0.4497878	5.285182	1.975151
390	-259.8295	-373.6049	113.7754	0.6244887	8.8669	1.975151
396	-260.8755	-374.9734	114.0978	0.2692803	4.048827	2.718673
402	-274.015	-387.1386	113.1236	0.9351205	9.932119	2.084138
408	-258.9341	-374.4991	115.565	0.4878882	6.556621	1.069542
414	-264.107	-381.044	116.9371	0.9095246	1.831189	0.9485218
420	-273.1335	-390.2213	117.0878	1.288801	1.126318	0.9485218
426	-268.7432	-383.5009	114.7578	1.230477	6.457933	1.148646
432	-274.0355	-389.5292	115.4937	1.230477	4.147527	1.046549
438	-248.2713	-364.4026	116.1313	1.230477	2.416897	1.100842
444	-255.0973	-370.3351	115.2378	1.230477	6.351959	0.4333491
450	-258.2843	-375.2697	116.9854	1.261959	0.5785748	1.585116
456	-259.1427	-374.6398	115.4971	1.123161	5.11625	0.848643
462	-262.1267	-378.619	116.4923	1.123161	2.247123	0.9381051
468	-257.4613	-371.7528	114.2916	1.123161	6.35182	1.619233
474	-255.211	-371.6148	116.4038	0.756756	2.269365	1.336719
480	-252.7085	-367.0199	114.3114	0.8297285	11.86575	1.065445
486	-260.0094	-377.1431	117.1337	1.639363	0.3890156	1.433486
492	-254.4845	-371.6922	117.2077	1.639363	0.4356459	1.305771
498	-268.1234	-384.4189	116.2955	1.639363	1.231773	1.267914
504	-273.4903	-388.7954	115.305	0.9259767	5.026824	1.248853
510	-276.4538	-392.2827	115.8289	0.7253747	2.813681	1.596116
516	-280.5682	-397.6404	117.0722	1.230629	1.375685	0.7858697
522	-284.6879	-400.0111	115.3232	0.7685345	7.900672	0.6961445
528	-285.7217	-401.1214	115.3996	1.363065	4.988548	0.6961445
534	-283.2756	-396.8276	113.552	1.363065	14.57723	0.954149
540	-274.8673	-391.4092	116.5419	1.363046	1.486727	1.119443
546	-276.8607	-392.9316	116.0709	0.6500923	3.922287	1.119443
552	-272.1332	-389.2271	117.0939	1.446082	1.23197	0.5050661
558	-282.05	-396.4888	114.4388	1.505395	8.752037	0.6797143
564	-302.4472	-418.4934	116.0462	1.061326	3.25158	0.9866233
570	-291.6568	-405.9723	114.3155	1.514707	9.329515	0.7064778
576	-275.1714	-391.5014	116.33	1.514707	2.277433	0.4717897
582	-275.3335	-388.4603	113.1268	1.514707	19.57704	0.6382044
588	-270.3812	-386.7614	116.3802	1.375816	2.288524	0.7345102
594	-272.0197	-387.6445	115.6248	1.306433	4.188771	0.8052773
600	-276.8272	-390.1779	113.3507	1.067713	20.9823	0.8052773
606	-262.8918	-378.7129	115.821	0.8246022	4.222218	1.097418
612	-268.1985	-380.9705	112.772	1.213707	17.19172	1.508387
618	-269.9735	-385.2722	115.2987	1.258655	4.68978	1.044941
624	-279.2418	-394.5235	115.2817	0.8103679	4.569531	1.464254
630	-278.8656	-391.708	112.8424	0.8103679	9.055814	2.437589
636	-272.8429	-385.6853	112.8424	0.8103679	9.055814	2.437589
642	-269.6081	-382.4505	112.8424	0.8103679	9.055814	2.437589
648	-270.7092	-383.5516	112.8424	0.8103679	9.055814	2.437589
654	-274.6853	-387.5277	112.8424	0.8103679	9.055814	2.437589
660	-275.3698	-388.2122	112.8424	0.8103679	9.055814	2.437589
666	-281.0599	-393.9023	112.8424	0.8103679	9.055814	2.437589
672	-287.3609	-400.2033	112.8424	0.8103679	9.055814	2.437589
678	-284.9333	-397.7756	112.8424	0.8103679	9.055814	2.437589
684	-287.2215	-400.0639	112.8424	0.8103679	9.055814	2.437589
690	-288.6601	-401.5025	112.8424	0.8103679	9.055814	2.437589
696	-283.464	-396.3064	112.8424	0.8103679	9.055814	2.437589
702	-275.8325	-388.6749	112.8424	0.8103679	9.055814	2.437589
708	-270.4979	-383.3403	112.8424	0.8103679	9.055814	2.437589
714	-273.4461	-386.2885	112.8424	0.8103679	9.055814	2.437589
720	-274.1858	-387.0282	112.8424	0.8103679	9.055814	2.437589
726	-273.839	-386.6814	112.8424	0.8103679	9.055814	2.437589
732	-266.2241	-379.0665	112.8424	0.8103679	9.055814	2.437589
738	-266.7084	-379.5508	112.8424	0.8103679	9.055814	2.437589
744	-263.9561	-376.7985	112.8424	0.8103679	9.055814	2.437589
750	-268.8628	-381.7052	112.8424	0.8103679	9.055814	2.437589
756	-267.974	-380.8164	112.8424	0.8103679	9.055814	2.437589
762	-267.7682	-380.6106	112.8424	0.8103679	9.055814	2.437589
768	-276.2665	-389.1088	112.8424	0.8103679	9.055814	2.437589
774	-274.8748	-387.7171	112.8424	0.8103679	9.055814	2.437589
780	-276.699	-389.5414	112.8424	0.8103679	9.055814	2.437589
786	-278.3759	-391.2183	112.8424	0.8103679	9.055814	2.437589
792	-270.2463	-383.0887	112.8424	0.8103679	9.055814	2.437589
798	-271.4918	-384.3342	112.8424	0.8103679	9.055814	2.437589
804	-268.5107	-381.3531	112.8424	0.8103679	9.055814	2.437589
810	-269.7524	-382.5948	112.8424	0.8103679	9.055814	2.437589
816	-275.1229	-387.9652	112.8424	0.8103679	9.055814	2.437589
822	-272.349	-385.1914	112.8424	0.8103679	9.055814	2.437589
828	-277.8143	-390.9578	113.1435	0.5092659	9.055814	2.437589
834	-266.2238	-378.8303	112.6064	0.585745	10.12505	2.615845
840	-262.1492	-375.291	113.1418	0.09869612	10.12505	2.585948
846	-266.3442	-380.3906	114.0463	0.1328241	12.68701	1.736182
852	-270.9197	-385.39	114.4703	0.6017214	5.208419	2.051548
858	-276.2475	-391.1921	114.9446	0.5002113	6.442926	1.582176
864	-254.4549	-370.5019	116.047	0.4937702	3.693105	1.339449
870	-247.3833	-360.6432	113.2599	1.219766	19.58686	0.8784049
876	-251.0434	-367.485	116.4416	1.195037	2.522073	0.7359336
882	-253.0312	-369.3489	116.3176	1.377857	2.573085	0.5308315
888	-272.6241	-389.4489	116.8248	1.627966	1.172396	0.280472
894	-268.9153	-384.7731	115.8578	2.547873	1.033068	0.2002072
900	-268.2961	-381.9502	113.6541	2.547873	4.570564	0.1086491
906	-269.7001	-384.1092	114.4091	2.547873	2.475192	0.1027185
912	-265.0982	-379.7161	114.6179	2.518623	2.475192	0.1297494
918	-264.5859	-378.0846	113.4987	2.262918	8.101744	0.188279
924	-262.5304	-378.2898	115.7594	1.732261	3.02845	0.5210559
930	-277.9592	-391.053	113.0939	1.954581	12.00409	1.13328
936	-248.7816	-365.0861	116.3046	1.47816	2.147512	0.8053119
942	-260.304	-376.1905	115.8865	1.13233	2.58657	1.322213
948	-258.87	-375.6138	116.7437	0.6809192	1.841907	1.322213
954	-254.1925	-367.1492	112.9567	0.9497851	20.67384	1.322213
960	-247.9325	-363.9835	116.051	0.920231	2.894243	1.245984
966	-258.5972	-374.787	116.1898	1.003679	3.402703	0.8241646
972	-269.7247	-385.8404	116.1157	1.046733	3.402703	0.8622846
978	-262.994	-377.3085	114.3144	1.113506	11.20731	0.8622846
984	-259.023	-373.2815	114.2585	0.5715671	9.158835	1.642868
990	-262.7384	-378.0865	115.3481	0.4648579	6.573184	1.275797
996	-277.2569	-392.1491	114.8922	0.5206042	6.249502	1.637715
