Iteration	Posterior	Likelihood	Prior	rate_log_sd	rate_neo	tree_length
0	-237.4208	-353.0687	115.6479	0.6242945	5.119482	1.192187
6	-242.134	-358.2157	116.0817	0.6721774	3.191597	1.321673
12	-243.3913	-357.5641	114.1728	0.3362526	8.788516	1.910887
18	-250.0854	-364.9687	114.8833	0.510436	5.73651	1.739362
24	-245.2745	-358.9312	113.6567	0.7839013	10.75975	1.739362
30	-257.5115	-371.988	114.4765	0.7499485	10.75975	1.131444
36	-263.6129	-379.0521	115.4392	0.4900349	7.509046	0.9937373
42	-256.036	-371.8314	115.7954	0.5508282	3.637176	1.505107
48	-260.4191	-377.1757	116.7566	1.215347	1.973867	0.6639612
54	-250.7357	-368.3312	117.5955	1.361937	0.5496791	1.042538
60	-249.3745	-366.0032	116.6287	1.055588	1.806228	1.121193
66	-243.6512	-359.7304	116.0792	0.8004741	3.263879	1.193178
72	-243.7357	-359.9911	116.2554	0.9023331	2.621218	1.193178
78	-247.2355	-363.356	116.1205	0.660921	3.518865	1.193178
84	-235.6587	-351.7949	116.1361	0.7891304	3.518865	1.063977
90	-240.6821	-356.4184	115.7363	1.119858	4.757779	0.6420317
96	-239.6671	-355.8225	116.1555	1.043192	2.498796	1.208746
102	-243.036	-358.1735	115.1375	0.9100767	6.142585	1.160765
108	-243.9014	-358.7676	114.8662	0.6912424	8.632218	1.144023
114	-239.348	-355.8243	116.4763	1.31782	1.923946	0.9434877
120	-237.1967	-353.2272	116.0304	1.370306	3.252302	0.4928162
126	-230.1183	-345.6074	115.4891	1.049846	4.673046	1.067113
132	-233.6249	-349.4213	115.7964	0.9362986	4.055792	1.067113
138	-235.3356	-351.3014	115.9658	0.6540914	3.715212	1.268852
144	-236.2133	-352.3712	116.1579	0.8510782	3.715212	0.9057596
150	-248.6496	-364.2831	115.6335	1.779037	3.210335	0.5521613
156	-249.89	-364.8949	115.0049	1.749865	5.017715	0.3449444
162	-244.1533	-360.2095	116.0562	1.749865	2.253196	0.3541927
168	-242.2181	-356.715	114.4968	1.846518	6.470638	0.3024621
174	-236.5306	-351.6031	115.0725	1.846518	4.655252	0.5263021
180	-235.6757	-350.512	114.8362	1.163887	7.532661	0.9142567
186	-235.2781	-349.9638	114.6857	1.594912	7.25913	0.5026884
192	-248.4494	-363.8102	115.3608	1.594912	4.537747	0.5026884
198	-249.921	-366.635	116.714	1.779502	1.28727	0.5026884
204	-249.655	-364.3017	114.6467	1.734162	6.601514	0.3706609
210	-241.1516	-355.6594	114.5078	1.637306	7.731781	0.3706609
216	-242.7664	-357.601	114.8346	1.504149	6.921539	0.4242949
222	-247.647	-361.7211	114.074	1.423516	8.41557	1.229511
228	-250.3815	-365.9185	115.537	0.8439529	5.19362	1.076745
234	-255.3495	-371.2631	115.9136	0.5860517	3.994264	1.288039
240	-252.7568	-368.6866	115.9298	1.109572	2.67608	1.271156
246	-257.7655	-372.8344	115.0689	0.7548487	6.550183	1.271156
252	-249.5265	-365.2742	115.7477	1.273452	3.857975	0.8321166
258	-259.8107	-373.4379	113.6272	0.9965822	18.43061	0.8321166
264	-258.0023	-373.4038	115.4015	1.272587	5.003959	0.8204334
270	-247.1454	-362.5469	115.4015	1.272587	5.003959	0.8204334
276	-246.2172	-362.367	116.1499	0.9966004	3.192388	0.9711225
282	-254.4488	-369.4929	115.0441	0.5919548	6.857481	1.367828
288	-245.8944	-361.4104	115.516	0.6630373	5.052854	1.285761
294	-244.6645	-359.6626	114.9981	0.7587204	5.052854	1.608978
300	-239.3083	-355.3449	116.0366	0.6108235	3.650529	1.265338
306	-233.6634	-349.7895	116.1261	1.017509	3.650529	0.7668586
312	-239.2163	-354.1993	114.983	1.388498	6.297104	0.7854798
318	-243.0648	-357.5135	114.4488	1.047444	8.476169	1.221341
324	-252.65	-367.175	114.5249	0.5739806	6.549958	1.810417
330	-256.5754	-372.6349	116.0596	0.3719437	2.653203	1.736355
336	-250.4064	-366.7577	116.3513	0.6932033	1.6868	1.683229
342	-239.7576	-354.6102	114.8527	1.212858	5.86054	1.204201
348	-242.4611	-357.6238	115.1627	1.078413	5.181942	1.204201
354	-249.2023	-364.3172	115.1149	1.024883	5.181942	1.2888
360	-241.9823	-357.5967	115.6144	0.6599012	4.831491	1.258922
366	-238.2745	-354.6647	116.3902	1.023083	1.988321	1.258922
372	-235.6202	-352.0511	116.4309	0.7427601	2.429061	1.258922
378	-237.7404	-353.2551	115.5147	0.9342068	3.82501	1.375179
384	-234.0932	-350.1028	116.0097	0.2839988	3.299972	1.637214
390	-235.8581	-351.7309	115.8728	0.4698689	3.177257	1.637214
396	-236.2755	-350.6013	114.3259	0.3454095	10.18665	1.637214
402	-237.4304	-353.7005	116.27	0.9159047	2.72845	1.124447
408	-242.7718	-358.2552	115.4835	0.9159047	5.182715	1.062267
414	-246.1701	-361.8387	115.6686	1.260954	4.51317	0.6409938
420	-245.6245	-361.9288	116.3043	1.232124	1.315402	1.524452
426	-240.2354	-356.7067	116.4713	1.017754	2.294532	1.040555
432	-243.0599	-357.0737	114.0138	0.9526412	12.68951	1.125719
438	-236.4323	-350.249	113.8167	1.149772	12.68951	1.125719
444	-237.5939	-352.6235	115.0297	1.048445	4.522542	1.485581
450	-241.8799	-356.6664	114.7865	0.7239829	2.972724	2.256271
456	-252.5125	-367.5507	115.0381	0.1628924	3.770436	2.256271
462	-242.3766	-357.602	115.2254	0.09282532	3.143717	2.333461
468	-241.2879	-356.7897	115.5018	0.4233685	2.312946	2.18969
474	-232.7284	-349.1099	116.3815	0.7348105	3.166359	1.012205
480	-231.662	-345.8769	114.2149	0.9168002	12.34837	1.012205
486	-231.4929	-346.7153	115.2224	0.9352228	6.586161	0.9596171
492	-233.2716	-348.759	115.4874	1.168757	5.094086	0.8112117
498	-244.1807	-359.4667	115.286	0.4560996	5.094086	1.611383
504	-240.8961	-356.4145	115.5184	0.7699001	5.650096	1.051118
510	-250.1264	-365.6685	115.5421	0.9423658	4.918972	1.051118
516	-250.0211	-365.5882	115.5671	0.9407295	5.338124	0.9095036
522	-254.9469	-370.7172	115.7703	1.028702	3.089056	1.319128
528	-249.0297	-363.4003	114.3706	0.8170385	9.581964	1.319128
534	-244.4751	-359.8241	115.3489	0.5318322	3.678206	1.827461
540	-245.1728	-360.9813	115.8085	0.8314479	2.40761	1.673517
546	-249.1212	-364.2291	115.1079	0.8107889	4.212025	1.673517
552	-248.1397	-362.6975	114.5578	0.4410152	6.730187	1.851774
558	-250.5709	-366.3867	115.8158	0.4808181	4.176312	1.401707
564	-247.9615	-364.1815	116.2201	0.4304268	3.036887	1.452432
570	-239.795	-353.8136	114.0186	0.6775546	6.523705	2.085467
576	-238.4751	-353.4869	115.0118	0.3914048	3.94559	2.085467
582	-244.1679	-357.9765	113.8086	0.3171605	6.906711	2.398467
588	-248.506	-363.5206	115.0146	0.4093027	5.026809	1.84849
594	-249.1088	-363.3583	114.2495	0.5410441	7.76144	1.84849
600	-249.6043	-365.023	115.4187	0.6910575	3.012611	1.84849
606	-249.6279	-363.9589	114.331	0.5778167	6.87787	1.891257
612	-245.9972	-360.3195	114.3222	0.6670056	7.486827	1.748483
618	-236.9456	-352.4665	115.5209	0.4709319	2.887126	1.96507
624	-237.7659	-352.5554	114.7895	0.4709319	5.506583	1.872049
630	-236.9224	-352.1556	115.2331	0.3949601	4.229504	1.872049
636	-236.6828	-352.2541	115.5713	0.05675783	4.229504	1.872049
642	-239.1796	-355.2064	116.0267	0.2187892	3.111869	1.725413
648	-246.8013	-362.3695	115.5681	0.4255377	3.143838	1.890448
654	-245.5667	-361.4452	115.8785	0.7070726	2.258704	1.766382
660	-244.5498	-360.0911	115.5413	0.955016	2.569476	1.718754
666	-239.6445	-355.3876	115.7431	1.227518	4.195074	0.7469067
672	-244.6209	-360.8684	116.2475	1.227518	2.625234	0.8832136
678	-242.2632	-357.1686	114.9055	1.227518	7.36786	0.7937957
684	-241.9232	-357.859	115.9358	1.257965	3.442017	0.8042676
690	-236.6717	-352.1726	115.501	0.8975758	4.672917	1.193189
696	-236.766	-351.9621	115.1961	0.8770252	4.607335	1.470001
702	-243.3591	-357.1137	113.7546	0.8990461	6.460544	2.122691
708	-250.6109	-362.6317	112.0208	0.5011031	23.89433	2.122691
714	-253.282	-368.8326	115.5505	0.4670606	3.910283	1.674551
720	-255.7141	-369.0884	113.3743	0.208341	20.81973	1.560939
726	-248.2098	-363.364	115.1542	0.5822528	5.8861	1.462911
732	-249.7669	-365.3124	115.5454	1.166667	3.940712	1.121794
738	-243.7916	-360.2363	116.4447	1.166667	1.922809	1.121794
744	-241.8278	-357.6815	115.8537	1.166667	3.664831	0.913239
750	-244.5185	-359.8869	115.3684	0.4575126	3.592201	1.88638
756	-245.4351	-361.5752	116.1401	0.6455363	3.214863	1.288322
762	-247.0149	-361.074	114.0591	0.8377957	11.34073	1.337979
768	-253.4623	-368.5382	115.0759	0.5498451	5.196153	1.67492
774	-255.1171	-368.9751	113.8581	1.007556	12.11993	1.276348
780	-248.0607	-363.0278	114.9671	1.132827	5.387288	1.276348
786	-232.1339	-348.0337	115.8998	1.132827	3.953607	0.7733444
792	-242.3265	-357.8322	115.5056	1.086797	5.165182	0.8659768
798	-236.4635	-351.3148	114.8513	1.042478	8.264441	0.8754576
804	-242.9933	-359.9792	116.9859	1.134603	1.762973	0.6236419
810	-237.6021	-355.0748	117.4727	1.841654	0.4366616	0.865665
816	-236.2733	-353.3829	117.1096	1.841654	0.7769066	0.6698446
822	-253.2556	-370.5883	117.3327	1.841654	0.410951	1.061467
828	-250.8903	-366.9504	116.0601	1.908692	2.0467	0.4522723
834	-257.4654	-374.0055	116.5401	1.908692	1.337342	0.5459895
840	-253.3827	-370.6973	117.3146	1.647882	0.8038011	0.5459895
846	-248.6191	-365.6617	117.0426	1.230234	1.522311	0.6526584
852	-258.9596	-373.8877	114.9281	1.230234	6.349527	1.013307
858	-259.885	-374.927	115.042	1.426909	6.349527	0.4336368
864	-249.1753	-364.6514	115.4761	1.231052	5.402605	0.5481135
870	-244.6938	-361.4019	116.7081	1.213717	2.135427	0.5290958
876	-238.0913	-353.9043	115.8131	1.341603	3.620909	0.7664125
882	-243.4395	-360.0439	116.6044	1.283959	2.194527	0.5364922
888	-244.5385	-361.4253	116.8868	1.562656	1.260366	0.7051067
894	-248.1115	-363.4644	115.3529	0.9894449	4.826792	1.202777
900	-245.4119	-361.6008	116.1889	0.6629291	2.980462	1.313431
906	-250.3325	-365.2396	114.907	0.9432369	5.679859	1.415008
912	-243.3727	-358.7138	115.3411	0.9432369	4.623591	1.30079
918	-252.3085	-366.7192	114.4107	0.9086957	8.933202	1.30079
924	-240.156	-355.8631	115.7071	0.7881138	3.922293	1.311528
930	-237.4759	-353.8742	116.3983	0.904216	2.551152	1.094319
936	-246.6845	-362.2259	115.5414	0.8324037	4.186608	1.338331
942	-246.2748	-360.6576	114.3828	0.4310183	8.823871	1.695673
948	-236.4053	-351.5523	115.147	0.4405909	3.162966	2.15511
954	-233.4819	-349.3275	115.8456	0.3368156	3.966257	1.541049
960	-241.9819	-357.3484	115.3665	0.8415302	3.966257	1.522031
966	-237.4078	-352.9809	115.5731	0.8353148	4.555784	1.214705
972	-245.2547	-361.3844	116.1296	0.7818161	3.404774	1.116637
978	-250.9363	-366.5898	115.6535	1.397628	4.109056	0.6552336
984	-244.5719	-359.517	114.9452	1.397628	6.747131	0.6684685
990	-246.2222	-360.7587	114.5364	1.288532	9.744671	0.5485292
996	-239.0736	-355.7279	116.6543	0.9573526	2.608343	0.7090658
