Iteration	Posterior	Likelihood	Prior	rate_log_sd	rate_neo	tree_length
0	-1081.649	-1195.326	113.6777	1.229201	15.15863	0.891602
6	-905.7649	-1018.654	112.8891	3.563621	0.6840363	2.668923
12	-1819.749	-1938.466	118.7173	0.7412948	0.0479022	1.702637
18	-1804.478	-1922.761	118.2828	0.3826488	1.091542	0.5063385
24	-1398.496	-1515.4	116.9035	0.4240574	2.743571	0.982961
30	-1375.396	-1492.174	116.7775	0.8320109	2.743571	0.5656471
36	-1889.806	-2006.843	117.0371	0.8320109	1.284528	0.126605
42	-1298.035	-1412.85	114.8149	0.09377754	1.284528	3.22572
48	-1501.02	-1618.329	117.3091	0.02199912	1.284528	1.691844
54	-1942.245	-2057.616	115.371	0.005804805	12.66225	0.3822168
60	-1644.866	-1763.699	118.8337	0.1613738	0.6877984	0.7805999
66	-972.4823	-1089.189	116.7065	2.459625	0.3115844	1.250292
72	-2026.038	-2145.986	119.9478	0.3014726	0.07703372	0.9379888
78	-1260.476	-1374.946	114.4704	0.3014726	6.036196	2.110186
84	-909.081	-1024.879	115.7982	3.495772	0.4730013	0.2807436
90	-1587.009	-1699.19	112.1814	0.3031585	53.05842	1.019536
96	-2565.178	-2684.608	119.4299	0.07376677	0.2520688	0.1773744
102	-2298.979	-2417.086	118.1065	1.024196	0.2191481	0.09469972
108	-1768.99	-1886.808	117.8182	2.194759	0.08559728	0.1637253
114	-2484.951	-2604.876	119.9248	0.2469416	0.08559728	0.2108505
120	-1289.074	-1402.049	112.975	0.1617381	19.50467	1.953045
126	-1871.448	-1991.162	119.7133	0.2956403	0.1169656	1.008483
132	-1499.724	-1614.706	114.9821	0.2956403	12.78868	0.7807509
138	-1649.426	-1767.858	118.432	0.1005048	1.109994	0.7807509
144	-1160.414	-1277.728	117.3133	1.528632	0.8112	0.7807509
150	-1189.69	-1307.15	117.4604	1.276819	0.8112	0.9093791
156	-1690.494	-1809.036	118.5428	0.1743531	0.1992008	1.804076
162	-1719.699	-1838.112	118.413	0.1342712	0.9705549	0.9269461
168	-1581.54	-1700.225	118.6851	1.086688	0.2796947	0.6816394
174	-1410.23	-1526.824	116.5938	0.2739332	2.235959	1.573647
180	-2477.359	-2597.553	120.1943	0.04128805	0.06801593	0.2044081
186	-1813.893	-1932.671	118.7771	0.7548708	0.06801593	1.578164
192	-1275.38	-1392.81	117.4303	2.243611	0.3395306	0.4197172
198	-1633.463	-1750.453	116.9902	0.06908037	4.20399	0.5226011
204	-1071.694	-1189.051	117.3571	2.254433	0.2782645	0.9055725
210	-1794.074	-1911.687	117.6124	0.2685348	2.203734	0.4519182
216	-1682.389	-1800.188	117.7989	0.07675907	2.203734	0.5746882
222	-883.1466	-997.2071	114.0606	2.56018	4.201379	1.126153
228	-1592.445	-1708.724	116.2796	0.6594242	4.587346	0.5295681
234	-2165.478	-2284.727	119.2493	0.4059608	0.3069824	0.304111
240	-966.944	-1082.728	115.7839	3.713441	0.1377114	1.382513
246	-2267.052	-2386.474	119.4221	1.301209	0.02709506	0.4278021
252	-1123.064	-1237.857	114.7936	1.301209	5.546808	1.246222
258	-1437.439	-1554.337	116.8984	0.2783554	1.678789	1.591901
264	-963.4449	-1075.528	112.0827	1.709254	10.46639	2.204059
270	-1492.134	-1608.65	116.5157	0.1576778	2.597504	1.58203
276	-1720.749	-1838.298	117.5483	0.001189161	2.611648	0.7991893
282	-1580.818	-1699.276	118.4579	1.345402	0.2792113	0.6153254
288	-1709.373	-1828.346	118.9734	1.345402	0.1048555	0.6841527
294	-2551.881	-2672.249	120.3684	0.05553783	0.07749891	0.3354426
300	-1835.938	-1952.451	116.5129	0.1728064	5.439657	0.4157722
306	-1274.386	-1390.845	116.4592	1.295896	2.248079	0.768098
312	-1466.193	-1580.529	114.3354	0.5238709	16.52162	0.768098
318	-1414.3	-1528.265	113.9647	0.2371011	13.90511	1.612412
324	-1617.711	-1734.857	117.1461	0.3692838	2.895938	0.6419654
330	-906.8244	-1022.151	115.3266	3.49564	0.2314656	1.665334
336	-1684.791	-1803.728	118.9376	0.4835469	0.3794953	0.8680957
342	-1063.907	-1178.78	114.8728	1.638287	5.621054	0.8181564
348	-1321.203	-1435.15	113.9465	1.638287	11.36467	0.4874149
354	-2377.287	-2496.849	119.5627	0.1549721	0.2438883	0.2473208
360	-1876.328	-1995.222	118.8942	0.5499999	0.4363617	0.3541079
366	-1222.531	-1339.892	117.3618	1.980531	0.5151694	0.6067139
372	-1475.368	-1593.384	118.0167	1.320093	0.5283668	0.5480642
378	-1021.834	-1133.087	111.2535	2.299124	35.8407	0.609874
384	-1295.988	-1408.528	112.5396	1.013073	35.8407	0.609874
390	-1021.574	-1133.335	111.7604	1.538247	35.8407	0.9677347
396	-1380.164	-1494.311	114.1461	0.249474	19.35555	0.9912191
402	-1711.124	-1825.736	114.6124	0.04321295	19.35555	0.6509062
408	-1419.801	-1538.153	118.3513	1.164802	0.1840529	1.24055
414	-1071.544	-1184.669	113.1252	0.6185664	10.10365	2.271056
420	-1524.054	-1640.099	116.0447	0.3419515	6.418183	0.3293257
426	-1461.944	-1580.987	119.0433	0.9588355	0.1779963	0.7662137
432	-1421.456	-1537.449	115.9933	0.990563	4.284121	0.3572348
438	-1301.508	-1418.779	117.2703	1.856723	0.6673173	0.4293143
444	-1092.911	-1209.049	116.138	1.687244	1.429956	1.22605
450	-1918.02	-2033.596	115.5765	0.7209451	5.435001	0.17348
456	-1712.265	-1829.477	117.2121	0.3462308	2.835209	0.6005725
462	-1629.775	-1745.851	116.0755	0.2619764	6.936264	0.5777705
468	-1142.26	-1256.446	114.1866	0.6870065	8.371614	1.710598
474	-1721.743	-1838.764	117.0206	0.06773712	3.844296	0.3146459
480	-1561.905	-1679.47	117.5653	0.2319999	0.3237013	2.204727
486	-1483.877	-1602.225	118.3481	1.83399	0.1552042	0.4765269
492	-1594.479	-1713.029	118.5496	0.3202015	0.6101659	1.04018
498	-1654.104	-1764.04	109.9354	0.2546778	168.4622	0.8283049
504	-1142.188	-1250.295	108.107	1.890688	187.9924	0.7469661
510	-1830.404	-1943.616	113.2119	0.3234103	35.51003	0.6864729
516	-1619.699	-1738.14	118.4413	1.42073	0.2622452	0.5596978
522	-1393.524	-1510.554	117.0294	1.052249	1.865981	0.5023214
528	-1645.286	-1764.23	118.9446	0.9506161	0.2189501	0.7421139
534	-1940.713	-2060.063	119.3493	0.8315793	0.1498748	0.4046471
540	-1692.904	-1810.174	117.2707	0.3502849	2.715711	0.4351319
546	-986.8172	-1102.592	115.7744	2.409097	1.693329	0.4351319
552	-1486.345	-1602.83	116.485	0.02695625	0.5198142	2.779043
558	-1760.128	-1871.85	111.7223	0.4917861	70.39894	0.3992556
564	-1420.274	-1538.721	118.4466	0.8085888	0.5496952	0.6799821
570	-976.5869	-1092.001	115.4136	1.300649	1.280082	2.113354
576	-2255.55	-2375.67	120.1205	0.5026018	0.04871244	0.5790865
582	-2488.921	-2609.556	120.6352	0.04017942	0.03816474	0.5790865
588	-1406.059	-1523.67	117.6112	2.271533	0.1776284	0.234538
594	-1085.128	-1195.614	110.4858	0.3680784	16.78298	3.518314
600	-1310.524	-1425.63	115.106	0.8407949	8.98727	0.5691442
606	-949.772	-1062.061	112.289	1.599393	19.14592	1.441504
612	-886.5517	-998.8443	112.2925	2.994449	6.924069	1.619727
618	-1285.111	-1400.614	115.5025	0.4595577	4.792042	1.512532
624	-918.3159	-1030.833	112.5166	1.89349	13.30795	1.512532
630	-1182.451	-1299.728	117.2771	1.040535	0.223793	2.026377
636	-1242.703	-1360.903	118.2	1.861878	0.1315679	0.8932323
642	-1479.101	-1596.715	117.6134	0.6542572	1.507139	0.6849609
648	-1481.781	-1598.96	117.1793	0.6542572	2.257351	0.6161937
654	-1693.597	-1811.594	117.9971	0.5452834	1.212472	0.5896696
660	-1631.557	-1746.931	115.3741	0.5452834	9.098885	0.5980005
666	-1542.418	-1660.646	118.2274	0.09389409	0.6074625	1.499116
672	-1584.434	-1701.743	117.3087	1.03376	0.06801461	2.377886
678	-905.5253	-1020.979	115.4533	2.448274	1.653715	1.010892
684	-1439.795	-1557.576	117.7814	0.6165693	0.1742656	2.071581
690	-1988.382	-2107.891	119.5093	0.6165693	0.03493222	1.243596
696	-1008.428	-1125.562	117.1347	2.757924	0.1613216	0.9621986
702	-1324.497	-1442.372	117.875	1.192817	0.4057629	1.167118
708	-1276.918	-1392.691	115.7731	1.192817	4.498006	0.531022
714	-905.4101	-1020.003	114.5933	5.916357	0.05853455	0.7205225
720	-1856.974	-1976.488	119.5138	0.005510814	0.225968	1.130803
726	-1545.363	-1661.659	116.2968	0.02852015	4.451654	1.30991
732	-1585.254	-1703.932	118.678	0.5268858	0.4165521	1.02196
738	-1242.822	-1356.369	113.5475	0.1769607	7.723836	2.545116
744	-1536.578	-1650.919	114.3418	0.1130035	15.8568	1.24773
750	-2416.246	-2535.664	119.4189	0.1890577	0.01146373	1.659034
756	-1420.714	-1536.992	116.2785	0.1890577	3.611427	1.420057
762	-1660.599	-1777.064	116.4655	0.7821816	3.611427	0.4154546
768	-1810.695	-1929.562	118.8671	0.2114825	0.6224086	0.7885937
774	-1412.343	-1527.948	115.6048	0.8053093	6.379532	0.6966973
780	-1094.325	-1210.888	116.5631	1.461228	1.859001	0.6966973
786	-1252.995	-1368.441	115.4467	1.137051	0.2012492	3.145709
792	-931.8237	-1048.287	116.4629	3.540829	0.2012492	0.6378514
798	-932.1124	-1047.378	115.2657	2.521124	2.38891	0.472584
804	-1443.611	-1561.606	117.9955	0.4890558	0.7745113	1.193369
810	-1904.131	-2023.344	119.2129	1.360596	0.04127406	0.7551709
816	-1689.008	-1807.439	118.4306	0.3126076	0.816163	0.8961921
822	-1835.578	-1954.632	119.0536	0.9595458	0.09252664	1.101288
828	-1072.383	-1189.315	116.9312	1.668939	0.562186	1.335387
834	-1146.349	-1263.562	117.2123	1.873871	0.562186	0.8887663
840	-1606.205	-1722.745	116.5401	0.2528322	4.812617	0.7295507
846	-1365.894	-1481.069	115.1756	0.1137471	4.987439	1.947318
852	-1271.899	-1388.093	116.1939	0.8480644	2.160919	1.474374
858	-1661.09	-1778.244	117.1537	0.4352179	2.803658	0.5263077
864	-1934.406	-2053.231	118.825	0.8250543	0.03783921	1.60094
870	-1120.645	-1230.285	109.6396	0.2315898	9.270029	4.631125
876	-2242.189	-2362.348	120.1588	0.1425311	0.1198732	0.5798295
882	-1511.712	-1628.346	116.6347	0.8090111	3.093579	0.4031213
888	-1801.219	-1919.837	118.6178	2.121676	0.02576192	0.5038616
894	-1289.431	-1406.112	116.6805	0.8866905	0.4448101	2.197757
900	-1213.759	-1330.139	116.3796	1.134335	2.483861	0.9162745
906	-1477.705	-1593.839	116.1338	0.7254624	4.851487	0.5447117
912	-1165.879	-1280.83	114.9508	0.7254624	4.851487	1.707455
918	-1345.47	-1463.736	118.2663	2.31812	0.05703615	0.5673301
924	-2510.132	-2629.929	119.797	0.9036795	0.01214779	0.638076
930	-2107.176	-2226.723	119.5474	0.2066262	0.2913889	0.367288
936	-1197.347	-1314.991	117.6436	1.947143	0.3472837	0.7292776
942	-1678.366	-1797.499	119.1335	0.5921548	0.3224394	0.5083646
948	-1432.29	-1550.372	118.0816	0.5921548	0.3224394	1.611008
954	-1766.379	-1882.296	115.9166	0.4771127	6.414865	0.335523
960	-1057.558	-1173.777	116.2187	2.120482	1.432911	0.6529811
966	-1710.117	-1828.06	117.9424	0.6189791	1.155604	0.6662241
972	-2052.919	-2170.648	117.729	0.4649924	1.158901	0.1723189
978	-1416.365	-1533.18	116.8149	0.2640468	1.155302	1.942676
984	-1048.556	-1163.085	114.5293	2.190525	5.30865	0.4143584
990	-929.7852	-1042.43	112.6453	4.762579	1.928643	1.292664
996	-1233.345	-1348.618	115.2737	2.458414	1.928643	0.201715
